 satnum = 43132 xx
         satrec.t            ro(1)            ro(2)            ro(3)        vo(1)        vo(2)        vo(3)              a      ecc   incl*rad   node*rad   argp*rad     nu*rad      m*rad
       0.00000000   -4148.71156719    5490.16924979       0.04450377  0.807355366  0.588722635  7.546004162
   -1440.00000000   -1647.59266266     764.58223672   -6648.69574151 -4.163207411  6.104701996  1.733997210    6865.509224 0.003908   97.55176  126.07549  102.76271  180.55927  180.56365  2018  3  4 17:25:55.579023 
   -1420.00000000   -4063.86178080    5553.25544731     -99.21658069  0.751894957  0.664268845  7.544677085    6883.349971 0.002209   97.54189  126.08722   84.62105  274.54570  274.79795  2018  3  4 17:45:55.579032 
   -1400.00000000    -314.18936431    1912.23737937    6583.51286822  4.550459220 -5.813643043  1.897476583    6865.661682 0.001126   97.55165  126.09845  143.71977  291.67755  291.79741  2018  3  4 18: 5:55.579041 
   -1380.00000000    3912.65915078   -4637.75295112    3222.63746858  1.423209416 -3.444067464 -6.648525112    6879.144169 0.002542   97.54422  126.11934   91.45833   60.30247   60.04968  2018  3  4 18:25:55.579010 
   -1360.00000000    2184.87738700   -4131.01210914   -5060.66963679 -3.858017624  4.147857808 -5.064330396    6872.973371 0.002556   97.54761  126.12366   76.70081  151.12370  150.98200  2018  3  4 18:45:55.579019 
   -1340.00000000   -2857.12415048    2632.39115308   -5692.21893272 -3.284623517  5.432513848  4.166304072    6870.251099 0.003160   97.54912  126.14769  112.99895  190.57345  190.64005  2018  3  4 19: 5:55.579028 
   -1320.00000000   -3580.17460081    5411.14753202    2277.14313380  2.271668545 -1.513157780  7.110477779    6881.261013 0.002572   97.54305  126.15347   93.38989  286.12481  286.40780  2018  3  4 19:25:55.579036 
   -1300.00000000    1135.09952655     -32.45091743    6766.93440007  4.394252850 -6.182340134 -0.766355131    6864.650542 0.000454   97.55221  126.17179   89.38601    6.43697    6.43114  2018  3  4 19:45:55.579005 
   -1280.00000000    4121.14766224   -5424.73950403     931.82991353 -0.174154965 -1.438972615 -7.478449024    6883.014649 0.002500   97.54208  126.18609  105.91841   66.22460   65.96268  2018  3  4 20: 5:55.579014 
   -1260.00000000     840.30332886   -2570.96008887   -6337.76075233 -4.459556737  5.462779856 -2.813571608    6867.119560 0.003532   97.55086  126.19497   80.48042  167.61206  167.52502  2018  3  4 20:25:55.579023 
   -1240.00000000   -3717.16149406    4172.15578448   -4029.85579382 -1.994435956  4.088080349  6.087730033    6876.761487 0.002197   97.54552  126.21757  110.73726  213.10258  213.24024  2018  3  4 20:45:55.579032 
   -1220.00000000   -2647.98698055    4594.46001092    4368.11707776  3.513952886 -3.500677050  5.784428843    6875.598381 0.002445   97.54617  126.22132  111.74212  288.15040  288.41653  2018  3  4 21: 5:55.579041 
   -1200.00000000    2446.92093762   -1969.89171754    6101.88250225  3.688320992 -5.778922476 -3.335184165    6868.156798 0.001338   97.55027  126.24461   60.27050   55.97940   55.85240  2018  3  4 21:25:55.579010 
   -1180.00000000    3815.28272891   -5533.44291251   -1475.90612894 -1.751780762  0.738717830 -7.370130623    6882.463238 0.002038   97.54237  126.25216  106.72424   85.77047   85.53761  2018  3  4 21:45:55.579019 
   -1160.00000000    -612.14277003    -696.31486418   -6829.46459727 -4.511305229  6.099324200 -0.219808572    6864.526853 0.004029   97.55231  126.26802   92.59454  175.74849  175.71416  2018  3  4 22: 5:55.579028 
   -1140.00000000   -4118.89846089    5192.72124601   -1866.22816882 -0.448207444  2.234183700  7.257024928    6881.927171 0.001906   97.54266  126.28503   90.83234  253.30120  253.51044  2018  3  4 22:25:55.579036 
   -1120.00000000   -1382.14066305    3205.79286239    5911.38536895  4.321108223 -5.048405315  3.732895566    6869.105822 0.001807   97.54975  126.29168  132.38369  287.91110  288.10809  2018  3  4 22:45:55.579005 
   -1100.00000000    3456.76057524   -3658.17579364    4671.29933847  2.518510784 -4.654104802 -5.487186704    6874.469148 0.002200   97.54680  126.31540   77.17159   59.49674   59.27967  2018  3  4 23: 5:55.579014 
   -1080.00000000    3032.89149878   -4953.09621670   -3699.15132969 -3.111287097  2.814325921 -6.341769371    6877.788983 0.001979   97.54495  126.31930   86.26218  126.55090  126.36856  2018  3  4 23:25:55.579023 
   -1060.00000000   -1993.47422721    1261.01208066   -6476.03997503 -4.006864362  5.983349077  2.400008075    6866.417187 0.003768   97.55125  126.34122  105.72301  182.86574  182.88738  2018  3  4 23:45:55.579032 
   -1040.00000000   -4009.44204157    5566.43207613     530.25340646  1.163321586  0.099617511  7.522693316    6883.243107 0.002340   97.54195  126.35117   84.96179  279.49677  279.76112  2018  3  5  0: 5:55.579041 
   -1020.00000000      60.18993802    1419.39772061    6713.49680781  4.590703966 -5.963420263  1.213773024    6864.948748 0.000857   97.55204  126.36425  142.54194  298.17202  298.25854  2018  3  5  0:25:55.579010 
   -1000.00000000    4037.21394215   -4886.66245221    2654.32805723  1.029736280 -2.949296200 -6.951041981    6880.504057 0.002591   97.54347  126.38364   95.52794   61.54082   61.28006  2018  3  5  0:45:55.579019 
    -980.00000000    1871.37059913   -3759.21049052   -5461.43289938 -4.084052996  4.530294909 -4.528233409    6871.273436 0.002830   97.54855  126.38876   75.89809  157.20186  157.07596  2018  3  5  1: 5:55.579028 
    -960.00000000   -3132.94056384    3059.66825029   -5320.76403743 -3.005200970  5.129325247  4.726492135    6871.894414 0.002896   97.54821  126.41289  113.81900  195.02385  195.11006  2018  3  5  1:25:55.579036 
    -940.00000000   -3399.56948522    5246.12648809    2860.28442267  2.637750203 -2.048202418  6.846502362    6880.041221 0.002594   97.54372  126.41769   97.21313  287.60239  287.88560  2018  3  5  1:45:55.579005 
    -920.00000000    1499.31551380    -541.13787166    6673.96148672  4.287567388 -6.132890574 -1.457669211    6865.159958 0.000622   97.55193  126.43763   65.95276   35.18842   35.14739  2018  3  5  2: 5:55.579014 
    -900.00000000    4114.46115764   -5502.74194500     304.17446563 -0.591145074 -0.880320208 -7.541881738    6883.323477 0.002399   97.54191  126.45005  107.56803   69.87500   69.61706  2018  3  5  2:25:55.579023 
    -880.00000000     474.70848967   -2102.59136422   -6545.52496304 -4.551830198  5.678624218 -2.159230743    6866.044811 0.003732   97.55146  126.46063   82.96164  170.40036  170.32884  2018  3  5  2:45:55.579032 
    -860.00000000   -3888.27172627    4477.33226223   -3505.16469458 -1.625187740  3.639525145  6.472404858    6878.356900 0.002020   97.54463  126.48210  106.05583  223.06114  223.21933  2018  3  5  3: 5:55.579041 
    -840.00000000   -2363.23893617    4271.91538213    4831.75251407  3.788218114 -3.938653120  5.311324675    6873.852792 0.002319   97.54714  126.48615  116.73082  288.47033  288.72225  2018  3  5  3:25:55.579010 
    -820.00000000    2755.36618127   -2430.88226297    5797.49348543  3.447412677 -5.536551351 -3.947613780    6869.639553 0.001604   97.54946  126.51004   63.30662   58.26026   58.10404  2018  3  5  3:45:55.579019 
    -800.00000000    3678.06292697   -5431.45797494   -2084.19500579 -2.139657070  1.290488382 -7.187418863    6881.577919 0.001936   97.54286  126.51623  102.46882   95.31677   95.09589  2018  3  5  4: 5:55.579028 
    -780.00000000    -984.75334324    -189.49389575   -6818.93325764 -4.458724741  6.123405326  0.472509164    6864.584087 0.004038   97.55227  126.53390   95.87686  177.73308  177.71472  2018  3  5  4:25:55.579036 
    -760.00000000   -4163.29077154    5337.67451702   -1253.17095422 -0.034231180  1.695215209  7.416928633    6882.704610 0.001993   97.54224  126.54908   86.39688  263.02240  263.24917  2018  3  5  4:45:55.579005 
    -740.00000000   -1028.51261559    2766.21018343    6197.33634803  4.468759868 -5.334458556  3.110190318    6867.683434 0.001568   97.55054  126.55716  136.60883  289.00047  289.17026  2018  3  5  5: 5:55.579014 
    -720.00000000    3670.60800597   -4013.91380287    4193.55665123  2.173005957 -4.249221730 -5.943654816    6876.199698 0.002362   97.54584  126.58017   81.77494   60.20636   59.97163  2018  3  5  5:25:55.579023 
    -700.00000000    2782.25198244   -4684.71374750   -4212.21992801 -3.421605253  3.290242599 -5.937457018    6876.145498 0.002144   97.54585  126.58390   80.80822  137.28663  137.11977  2018  3  5  5:45:55.579032 
    -680.00000000   -2327.12390829    1743.75569920   -6248.54726854 -3.815346864  5.813176046  3.046082179    6867.577521 0.003582   97.55061  126.60684  108.35129  185.50547  185.54496  2018  3  5  6: 5:55.579041 
    -660.00000000   -3920.76431423    5532.86003333    1155.28448642  1.570333510 -0.462530851  7.436265751    6882.817850 0.002453   97.54218  126.61513   86.56131  283.19227  283.46583  2018  3  5  6:25:55.579010 
    -640.00000000     438.68780341     917.84887782    6785.91035429  4.592905935 -6.062120366  0.519547057    6864.543869 0.000609   97.55227  126.63011  133.97100  312.06094  312.11277  2018  3  5  6:45:55.579019 
    -620.00000000    4129.38261177   -5092.84732771    2063.17553789  0.622856623 -2.433070151 -7.193814658    6881.637074 0.002595   97.54284  126.64781   99.19278   63.18246   62.91728  2018  3  5  7: 5:55.579028 
    -600.00000000    1538.46909245   -3358.60062536   -5815.85193569 -4.278777025  4.872214726 -3.954166528    6869.664251 0.003103   97.54945  126.65402   76.34739  162.02661  161.91664  2018  3  5  7:25:55.579036 
    -580.00000000   -3386.15258117    3458.73981172   -4904.10430520 -2.697130182  4.785261355  5.247116182    6873.607530 0.002628   97.54726  126.67792  113.50937  200.60612  200.71232  2018  3  5  7:45:55.579005 
    -560.00000000   -3188.20928855    5038.12956338    3418.98806130  2.986300605 -2.562693859  6.523689841    6878.610451 0.002576   97.54451  126.68204  101.49665  288.62268  288.90224  2018  3  5  8: 5:55.579014 
    -540.00000000    1855.42694826   -1041.94851662    6523.70732879  4.143535863 -6.032208883 -2.136649290    6865.970620 0.000876   97.55148  126.70341   57.75976   48.70016   48.62479  2018  3  5  8:25:55.579023 
    -520.00000000    4073.17731000   -5534.03148714    -326.13715894 -1.008034207 -0.318293870 -7.540618220    6883.310463 0.002274   97.54191  126.71399  108.04644   74.69468   74.44344  2018  3  5  8:45:55.579032 
    -500.00000000     100.69688901   -1619.87385054   -6697.88209911 -4.607524087  5.845883720 -1.486903474    6865.235054 0.003888   97.55191  126.72640   85.81861  172.81237  172.75646  2018  3  5  9: 5:55.579041 
    -480.00000000   -4029.09210672    4743.18602572   -2950.54108319 -1.237475061  3.163127321  6.802371366    6879.804036 0.001913   97.54383  126.74648  100.05655  234.34041  234.51865  2018  3  5  9:25:55.579010 
    -460.00000000   -2055.14440875    3915.59005124    5253.99963774  4.034050641 -4.340677849  4.792557797    6872.108062 0.002156   97.54810  126.75115  121.74447  288.76782  289.00164  2018  3  5  9:45:55.579019 
    -440.00000000    3044.44464680   -2868.40405198    5443.28817686  3.174524284 -5.249163836 -4.526298054    6871.269216 0.001850   97.54856  126.77531   67.27143   59.61215   59.42941  2018  3  5 10: 5:55.579028 
    -420.00000000    3508.40197955   -5284.68419720   -2674.70938468 -2.514028935  1.827296463 -6.943441620    6880.433029 0.001887   97.54349  126.78041   96.55941  106.51500  106.30764  2018  3  5 10:25:55.579036 
    -400.00000000   -1353.78018182     315.56212078   -6750.71162997 -4.368615404  6.096642564  1.160929977    6864.954517 0.003990   97.55207  126.79975   99.12640  179.75093  179.74893  2018  3  5 10:45:55.579005 
    -380.00000000   -4173.41266511    5437.01816870    -629.30539563  0.385462964  1.145151382  7.513576234    6883.184049 0.002116   97.54197  126.81305   83.78423  270.92399  271.16643  2018  3  5 11: 5:55.579014 
    -360.00000000    -661.90950164    2306.27338508    6430.15454604  4.580689141 -5.573799637  2.460728267    6866.474497 0.001309   97.55120  126.82278  139.82203  291.10364  291.24350  2018  3  5 11:25:55.579023 
    -340.00000000    3856.21333272   -4333.53998288    3679.74164333  1.804997298 -3.811250355 -6.349091258    6877.851012 0.002485   97.54493  126.84476   86.30288   60.99037   60.74158  2018  3  5 11:45:55.579032 
    -320.00000000    2505.37338423   -4379.04947428   -4689.45233564 -3.706909160  3.735085452 -5.482999397    6874.428454 0.002368   97.54680  126.84866   77.09667  146.27814  146.12728  2018  3  5 12: 5:55.579041 
    -300.00000000   -2645.57311379    2208.86457661   -5968.09571524 -3.589748838  5.595845219  3.666808028    6868.951686 0.003358   97.54984  126.87233  110.49674  188.62956  188.68745  2018  3  5 12:25:55.579010 
    -280.00000000   -3798.12235781    5453.09270959    1770.51613004  1.969365080 -1.017389369  7.286041587    6882.087858 0.002538   97.54259  126.87916   89.14081  285.91098  286.19054  2018  3  5 12:45:55.579019 
    -260.00000000     818.13244278     411.89240036    6800.10751530  4.556554303 -6.109231966 -0.179262366    6864.461163 0.000452   97.55231  126.89599  109.82689  341.52411  341.54051  2018  3  5 13: 5:55.579028 
    -240.00000000    4187.97697435   -5254.84900319    1454.25781251  0.205916607 -1.899968048 -7.374750108    6882.504504 0.002557   97.54236  126.91188  102.30670   65.37337   65.10719  2018  3  5 13:25:55.579036 
    -220.00000000    1188.74243861   -2932.74945645   -6120.94864284 -4.440229608  5.171122106 -3.347006895    6868.199602 0.003361   97.55026  126.91944   77.74101  165.90587  165.81186  2018  3  5 13:45:55.579005 
    -200.00000000   -3614.31299624    3826.42110400   -4445.72027557 -2.362571979  4.403367694  5.723702180    6875.332919 0.002374   97.54630  126.94277  111.76243  207.62811  207.75449  2018  3  5 14: 5:55.579014 
    -180.00000000   -2947.49262331    4789.18011202    3948.44311091  3.314088863 -3.052358193  6.144782906    6877.017355 0.002516   97.54539  126.94655  106.11434  289.31166  289.58360  2018  3  5 14:25:55.579023 
    -160.00000000    2200.29313204   -1530.69046522    6317.43358681  3.962895879 -5.881460741 -2.797463948    6867.054635 0.001152   97.55088  126.96908   56.63391   55.14505   55.03676  2018  3  5 14:45:55.579032 
    -140.00000000    3997.23222085   -5518.67919746    -953.70072025 -1.421238984  0.242268431 -7.474740456    6882.976641 0.002139   97.54209  126.97794  107.03971   80.99749   80.75542  2018  3  5 15: 5:55.579041 
    -120.00000000    -278.69623627   -1126.93705660   -6793.55138891 -4.625745972  5.963550367 -0.802190601    6864.717071 0.003993   97.55220  126.99223   88.92070  174.97899  174.93882  2018  3  5 15:25:55.579010 
    -100.00000000   -4138.01100662    4967.69616276   -2370.67137977 -0.834318241  2.663017562  7.074680706    6881.053378 0.001885   97.54314  127.01071   93.67108  246.00887  246.20633  2018  3  5 15:45:55.579019 
     -80.00000000   -1726.02965224    3528.71635170    5631.21535556  4.248982004 -4.703559843  4.232580599    6870.424176 0.001960   97.54902  127.01634  126.63905  289.18672  289.39877  2018  3  5 16: 5:55.579028 
     -60.00000000    3311.44102500   -3278.89703905    5042.28698518  2.871576515 -4.919481348 -5.066225270    6872.989513 0.002069   97.54761  127.04041   71.69935   60.50044   60.29422  2018  3  5 16:25:55.579036 
     -40.00000000    3307.35846414   -5094.69588216   -3242.41738863 -2.871568000  2.344713747 -6.640400639    6879.068045 0.001912   97.54424  127.04472   89.82036  118.54085  118.34822  2018  3  5 16:45:55.579005 
     -20.00000000   -1716.07925482     814.65181018   -6625.35057498 -4.241229467  6.019575928  1.839738360    6865.625854 0.003888   97.55169  127.06555  102.24618  181.89934  181.91414  2018  3  5 17: 5:55.579014 
       0.00000000   -4148.71156719    5490.16924979       0.04450377  0.807355366  0.588722635  7.546004162    6883.348214 0.002251   97.54188  127.07700   82.93107  277.06930  277.32520  2018  3  5 17:25:55.579023 
      20.00000000    -285.28997559    1830.00815580    6607.82127328  4.655488763 -5.764705242  1.790072066    6865.520810 0.001039   97.55173  127.08851  141.05087  295.19281  295.30047  2018  3  5 17:45:55.579032 
      40.00000000    4011.63689501   -4614.58067450    3134.26164294  1.417371256 -3.344155651 -6.699967630    6879.366198 0.002565   97.54409  127.10918   90.63533   61.96864   61.70946  2018  3  5 18: 5:55.579041 
      60.00000000    2204.28660144   -4038.95342526   -5126.81594429 -3.964542013  4.145399274 -4.982342408    6872.695884 0.002628   97.54776  127.11361   75.14201  153.51111  153.37656  2018  3  5 18:25:55.579010 
      80.00000000   -2945.93808486    2652.55658849   -5637.00834897 -3.331462611  5.333391884  4.256956920    6870.493939 0.003106   97.54899  127.13768  111.96829  192.42935  192.50615  2018  3  5 18:45:55.579019 
     100.00000000   -3642.11095688    5328.07828421    2370.66312302  2.356869348 -1.560255382  7.073234368    6881.077334 0.002588   97.54315  127.14328   92.47234  287.88078  288.16285  2018  3  5 19: 5:55.579028 
     120.00000000    1195.30181473     -94.15889230    6755.94077369  4.481462339 -6.104683759 -0.876673099    6864.703622 0.000494   97.55217  127.16187   76.85476   19.81620   19.79701  2018  3  5 19:25:55.579036 
     140.00000000    4212.08807269   -5371.60123383     832.80615684 -0.217607336 -1.354686761 -7.492306557    6883.076896 0.002481   97.54204  127.17587  104.68838   68.29473   68.03079  2018  3  5 19:45:55.579005 
     160.00000000     824.93092035   -2485.40518716   -6374.16178461 -4.566706150  5.424901705 -2.711880308    6866.928295 0.003590   97.55097  127.18501   79.82734  169.09148  169.01343  2018  3  5 20: 5:55.579014 
     180.00000000   -3815.15110259    4159.80419223   -3949.45335498 -2.003952355  3.986998905  6.152116754    6877.012389 0.002156   97.54537  127.20745  108.33391  216.33427  216.48081  2018  3  5 20:25:55.579023 
     200.00000000   -2679.09317922    4501.64245777    4444.08657692  3.618027202 -3.513166160  5.713019383    6875.316343 0.002416   97.54633  127.21122  110.95409  289.78133  290.04164  2018  3  5 20:45:55.579032 
     220.00000000    2530.82867876   -2003.29931764    6056.88429302  3.746712779 -5.682232356 -3.434425798    6868.374625 0.001426   97.55015  127.23464   58.59757   58.50049   58.36122  2018  3  5 21: 5:55.579041 
     240.00000000    3886.86290633   -5457.15777937   -1573.14138747 -1.827175236  0.796587449 -7.344902272    6882.334048 0.002014   97.54244  127.24195  104.25894   89.07229   88.84150  2018  3  5 21:25:55.579010 
     260.00000000    -660.35305614    -627.96488978   -6831.72308744 -4.605894032  6.031019872 -0.110782093    6864.507963 0.004044   97.55231  127.25810   92.15870  177.00975  176.98550  2018  3  5 21:45:55.579019 
     280.00000000   -4213.66795741    5149.20103476   -1770.47042182 -0.418928212  2.143524739  7.286863286    6882.061862 0.001930   97.54259  127.27483   88.04844  256.91759  257.13310  2018  3  5 22: 5:55.579028 
     300.00000000   -1378.43388741    3114.76856822    5960.14236357  4.430784244 -5.024469747  3.636200375    6868.859141 0.001736   97.54988  127.28169  131.21102  289.93037  290.11728  2018  3  5 22:25:55.579036 
     320.00000000    3553.79632855   -3659.05468611    4597.91703189  2.540783286 -4.550579193 -5.562709406    6874.741032 0.002256   97.54664  127.30532   76.32385   61.19142   60.96508  2018  3  5 22:45:55.579005 
     340.00000000    3076.27245981   -4863.42309305   -3782.49081423 -3.209066869  2.838531066 -6.280998399    6877.529752 0.002020   97.54509  127.30917   83.45168  130.19435  130.01740  2018  3  5 23: 5:55.579014 
     360.00000000   -2068.51994387    1303.64842969   -6443.87565172 -4.077123507  5.893141100  2.503285240    6866.575844 0.003736   97.55116  127.33127  105.12807  184.28672  184.31881  2018  3  5 23:25:55.579023 
     380.00000000   -4088.93040783    5496.94352221     629.49521389  1.227848863  0.030702864  7.513810130    6883.190540 0.002378   97.54197  127.34094   83.56781  281.72797  281.99470  2018  3  5 23:45:55.579032 
     400.00000000      98.26217196    1341.55425693    6728.79001381  4.692053763 -5.905876874  1.103964346    6864.855400 0.000772   97.55209  127.35433  138.05469  303.50843  303.58217  2018  3  6  0: 5:55.579041 
     420.00000000    4135.17838447   -4854.91142936    2561.80044723  1.013228714 -2.852137556 -6.993233979    6880.693154 0.002601   97.54336  127.37346   94.65545   63.25783   62.99193  2018  3  6  0:25:55.579010 
     440.00000000    1881.24997772   -3667.54125987   -5520.62200563 -4.192059458  4.518060490 -4.439797862    6871.006111 0.002902   97.54870  127.37873   74.68135  159.24858  159.13051  2018  3  6  0:45:55.579019 
     460.00000000   -3225.44553954    3071.24616663   -5258.03641257 -3.042175528  5.028210657  4.811524274    6872.152789 0.002839   97.54806  127.40285  112.52424  197.14680  197.24291  2018  3  6  1: 5:55.579028 
     480.00000000   -3453.62492007    5159.14972532    2950.56258192  2.729352585 -2.086554687  6.799614221    6879.820248 0.002598   97.54384  127.40752   96.37524  289.28226  289.56312  2018  3  6  1:25:55.579036 
     500.00000000    1566.95105247    -596.01784190    6653.76291498  4.367773653 -6.048842482 -1.566708677    6865.262993 0.000701   97.55186  127.42771   59.43538   42.55617   42.50184  2018  3  6  1:45:55.579005 
     520.00000000    4201.09762142   -5442.43687207     204.15850504 -0.644140977 -0.801995494 -7.545508131    6883.335057 0.002373   97.54189  127.43983  106.10853   72.17575   71.91705  2018  3  6  2: 5:55.579014 
     540.00000000     449.92447979   -2020.46454144   -6573.36613684 -4.656770825  5.631826933 -2.054119507    6865.892583 0.003780   97.55154  127.45069   82.40941  171.78066  171.71856  2018  3  6  2:25:55.579023 
     560.00000000   -3986.59570210    4456.28198382   -3419.47597010 -1.623948710  3.539793886  6.528606637    6878.589013 0.001993   97.54450  127.47196  103.24136  226.70726  226.87367  2018  3  6  2:45:55.579032 
     580.00000000   -2384.94817670    4178.19893542    4901.64372762  3.895200945 -3.941368252  5.232101315    6873.565706 0.002276   97.54729  127.47608  115.90538  290.14205  290.38681  2018  3  6  3: 5:55.579041 
     600.00000000    2844.03154002   -2455.87304699    5744.27197164  3.496376487 -5.436516632 -4.042040184    6869.885020 0.001686   97.54932  127.50004   62.04303   60.37397   60.20615  2018  3  6  3:25:55.579010 
     620.00000000    3742.60784394   -5350.33349011   -2179.16113584 -2.222292051  1.339987496 -7.152319029    6881.405246 0.001923   97.54295  127.50604   99.61295   99.01025   98.79254  2018  3  6  3:45:55.579019 
     640.00000000   -1041.09748988    -127.16171025   -6812.06441693 -4.547664346  6.048091021  0.581583396    6864.614614 0.004039   97.55225  127.52398   95.43505  179.00247  178.99439  2018  3  6  4: 5:55.579028 
     660.00000000   -4254.97038065    5286.41230803   -1155.04040178  0.005318919  1.609138672  7.436957503    6882.794395 0.002029   97.54218  127.53886   84.00645  266.24885  266.48085  2018  3  6  4:25:55.579036 
     680.00000000   -1015.08941671    2677.43096400    6237.93728433  4.577491334 -5.300961028  3.008535942    6867.466959 0.001488   97.55065  127.54720  135.13233  291.32664  291.48537  2018  3  6  4:45:55.579005 
     700.00000000    3769.13313508   -4005.85179889    4113.98318023  2.184636927 -4.145859461 -6.011434280    6876.463301 0.002406   97.54569  127.57006   80.97012   61.85970   61.61679  2018  3  6  5: 5:55.579014 
     720.00000000    2816.75592352   -4593.13072920   -4290.34573590 -3.523467435  3.304792419 -5.868407587    6875.870597 0.002200   97.54600  127.57379   78.44279  140.48621  140.32561  2018  3  6  5:25:55.579023 
     740.00000000   -2408.01094612    1778.53245914   -6207.78011470 -3.877160432  5.718661841  3.146028480    6867.772968 0.003539   97.55050  127.59687  107.64350  187.04193  187.09179  2018  3  6  5:45:55.579032 
     760.00000000   -3994.11476037    5457.55612669    1253.65089711  1.643302226 -0.524135296  7.417161367    6882.715485 0.002485   97.54224  127.60492   85.39049  285.20391  285.47853  2018  3  6  6: 5:55.579041 
     780.00000000     485.56336342     845.12920496    6791.99974906  4.689593976 -5.996447675  0.408279755    6864.501366 0.000543   97.55228  127.62019  125.29684  321.58694  321.62559  2018  3  6  6:25:55.579010 
     800.00000000    4225.39541528   -5052.77398865    1967.27705533  0.595858387 -2.339591086 -7.226349464    6881.786375 0.002593   97.54275  127.63762   98.23500   64.98603   64.71699  2018  3  6  6:45:55.579019 
     820.00000000    1538.73198960   -3268.16486205   -5867.55458924 -4.387248935  4.850296062 -3.860003144    6869.415808 0.003173   97.54958  127.64402   75.38902  163.81643  163.71487  2018  3  6  7: 5:55.579028 
     840.00000000   -3481.45809060    3461.57312694   -4834.33917271 -2.723864133  4.683039287  5.325771064    6873.872662 0.002572   97.54711  127.66786  111.87277  203.07396  203.18966  2018  3  6  7:25:55.579036 
     860.00000000   -3233.85514212    4948.01115532    3505.21994655  3.083408471 -2.591884151  6.467491945    6878.359201 0.002567   97.54465  127.67190  100.70452  290.26031  290.53609  2018  3  6  7:45:55.579005 
     880.00000000    1929.84050424   -1089.45948063    6494.42474711  4.215966132 -5.942507811 -2.243447372    6866.120047 0.000966   97.55139  127.69347   54.28953   53.02301   52.93458  2018  3  6  8: 5:55.579014 
     900.00000000    4154.68669420   -5467.09072099    -426.28822924 -1.070046162 -0.246689325 -7.533953060    6883.270675 0.002244   97.54193  127.70377  106.28448   77.29899   77.04825  2018  3  6  8:25:55.579023 
     920.00000000      66.74047497   -1541.93949378   -6716.88817745 -4.709268110  5.790565944 -1.379222683    6865.126814 0.003924   97.55197  127.71647   85.33296  174.12795  174.08181  2018  3  6  8:45:55.579032 
     940.00000000   -4126.79696138    4713.56998710   -2860.25848035 -1.225472867  3.065647677  6.849836401    6880.009053 0.001905   97.54371  127.73631   97.00664  238.22535  238.41104  2018  3  6  9: 5:55.579041 
     960.00000000   -2067.24425741    3821.82417567    5317.16567987  4.142896645 -4.333526243  4.706159811    6871.825596 0.002101   97.54825  127.74112  120.84438  290.51749  290.74288  2018  3  6  9:25:55.579010 
     980.00000000    3137.01081400   -2884.70497757    5382.25968624  3.213595430 -5.146696021 -4.615053303    6871.533640 0.001923   97.54841  127.76529   66.23828   61.49726   61.30372  2018  3  6  9:45:55.579019 
    1000.00000000    3565.30465753   -5199.45440225   -2766.58502955 -2.603105102  1.867939096 -6.898751253    6880.222476 0.001891   97.54360  127.77024   93.47022  110.44290  110.23975  2018  3  6 10: 5:55.579028 
    1020.00000000   -1417.72027173     371.28138379   -6734.72215218 -4.451056906  6.014963153  1.269158805    6865.033472 0.003977   97.55202  127.78983   98.65542  181.05181  181.06020  2018  3  6 10:25:55.579036 
    1040.00000000   -4261.10815099    5378.42571600    -529.62755030  0.434910140  1.064470287  7.523533983    6883.225123 0.002156   97.54195  127.80284   81.80483  273.74296  273.98952  2018  3  6 10:45:55.579005 
    1060.00000000    -638.89987091    2220.56429798    6462.19510759  4.687418296 -5.530986849  2.354972411    6866.295740 0.001223   97.55129  127.81284  137.80102  293.97728  294.10524  2018  3  6 11: 5:55.579014 
    1080.00000000    3955.27957794   -4316.56983879    3594.63544984  1.805890019 -3.709020402 -6.408495150    6878.096900 0.002516   97.54479  127.83462   85.50566   62.63757   62.38179  2018  3  6 11:25:55.579023 
    1100.00000000    2530.68068914   -4286.39497690   -4761.68041522 -3.811887094  3.739825052 -5.406236964    6874.146884 0.002434   97.54696  127.83859   75.20227  149.00797  148.86414  2018  3  6 11:45:55.579032 
    1120.00000000   -2731.52643904    2235.42337942   -5919.01452407 -3.642509765  5.497840496  3.762573738    6869.177434 0.003307   97.54971  127.86235  109.63251  190.32523  190.39332  2018  3  6 12: 5:55.579041 
    1140.00000000   -3864.61713033    5372.61846845    1867.15110791  2.050064807 -1.071065585  7.256796574    6881.938445 0.002560   97.54267  127.86896   88.13185  287.76435  288.04360  2018  3  6 12:25:55.579010 
    1160.00000000     873.35672471     344.99161424    6796.88424364  4.647644338 -6.035985927 -0.291023520    6864.471060 0.000442   97.55230  127.88608   95.59606  356.60936  356.61235  2018  3  6 12:45:55.579019 
    1180.00000000    4281.11982234   -5206.78973608    1355.80203447  0.168707511 -1.811064033 -7.397307832    6882.608531 0.002544   97.54230  127.90167  101.22086   67.30620   67.03747  2018  3  6 13: 5:55.579028 
    1200.00000000    1179.39227091   -2844.38159777   -6164.69614970 -4.548146830  5.139698572 -3.247879974    6867.978137 0.003424   97.55038  127.90947   76.97228  167.50763  167.42255  2018  3  6 13:25:55.579036 
    1220.00000000   -3711.49921706    3820.42994051   -4369.46027916 -2.378785623  4.300939662  5.795265071    6875.595701 0.002323   97.54615  127.93268  109.70783  210.51711  210.65249  2018  3  6 13:45:55.579005 
    1240.00000000   -2984.28175721    4696.72075318    4029.85344415  3.415751443 -3.072052036  6.079697289    6876.743987 0.002494   97.54554  127.93643  105.33811  290.93686  291.20361  2018  3  6 14: 5:55.579014 
    1260.00000000    2280.76418452   -1570.35689835    6279.26869986  4.026853424 -5.786904210 -2.901071285    6867.245233 0.001243   97.55077  127.95913   54.47875   58.15496   58.03403  2018  3  6 14:25:55.579023 
    1280.00000000    4072.84154370   -5445.69846418   -1053.12624669 -1.491655528  0.306457163 -7.457815277    6882.886557 0.002110   97.54213  127.96773  104.90176   83.97889   83.73850  2018  3  6 14:45:55.579032 
    1300.00000000    -321.49962185   -1053.92370450   -6803.51834487 -4.723332740  5.900185017 -0.692812331    6864.656347 0.004016   97.55223  127.98232   88.47355  176.25806  176.22793  2018  3  6 15: 5:55.579041 
    1320.00000000   -4234.14683244    4929.72551774   -2276.53301446 -0.811650811  2.568680085  7.112923782    6881.223797 0.001896   97.54304  128.00053   90.66524  249.85319  250.05723  2018  3  6 15:25:55.579010 
    1340.00000000   -1728.40096340    3435.75695147    5687.06391896  4.358628123 -4.686540904  4.139716327    6870.155934 0.001894   97.54917  128.00633  125.61169  291.06686  291.26932  2018  3  6 15:45:55.579019 
    1360.00000000    3407.01407412   -3286.31507278    4973.93907499  2.900387337 -4.815521968 -5.148499391    6873.263511 0.002132   97.54745  128.03035   70.80032   62.25314   62.03709  2018  3  6 16: 5:55.579028 
    1380.00000000    3356.08500671   -5006.13523182   -3330.40590505 -2.966228776  2.376098852 -6.586482704    6878.826491 0.001936   97.54437  128.03457   86.77793  122.42312  122.23568  2018  3  6 16:25:55.579036 
    1400.00000000   -1787.00463095     863.21988617   -6600.32185959 -4.316380297  5.932231870  1.946228894    6865.750660 0.003862   97.55162  128.05562  101.72065  183.25721  183.28243  2018  3  6 16:45:55.579005 
    1420.00000000   -4231.56574743    5424.72835861     100.42303895  0.866226353  0.514209629  7.545714684    6883.338388 0.002291   97.54189  128.06678   81.30776  279.53579  279.79458  2018  3  6 17: 5:55.579014 
    1440.00000000    -252.91677519    1748.17116330    6630.96979442  4.759178000 -5.712913144  1.681114579    6865.386015 0.000950   97.55180  128.07859  137.95184  299.14733  299.24243  2018  3  6 17:25:55.579023 
